<?xml version="1.0" encoding="UTF-8"?>
<coverage generated="1521412074">
  <project timestamp="1521412074">
    <package name="AppBundle">
      <file name="/home/johnkrovitch/Projects/LeComptoirDeLEcureuil/src/AppBundle/AppBundle.php">
        <class name="AppBundle" namespace="AppBundle">
          <metrics methods="0" coveredmethods="0" conditionals="0" coveredconditionals="0" statements="0" coveredstatements="0" elements="0" coveredelements="0"/>
        </class>
        <metrics loc="9" ncloc="9" classes="1" methods="0" coveredmethods="0" conditionals="0" coveredconditionals="0" statements="0" coveredstatements="0" elements="0" coveredelements="0"/>
      </file>
    </package>
    <package name="AppBundle\Controller">
      <file name="/home/johnkrovitch/Projects/LeComptoirDeLEcureuil/src/AppBundle/Controller/ArticleController.php">
        <class name="ArticleController" namespace="AppBundle\Controller">
          <metrics methods="5" coveredmethods="0" conditionals="0" coveredconditionals="0" statements="75" coveredstatements="0" elements="80" coveredelements="0"/>
        </class>
        <line num="27" type="method" name="showAction" crap="12" count="0"/>
        <line num="28" type="stmt" count="0"/>
        <line num="29" type="stmt" count="0"/>
        <line num="30" type="stmt" count="0"/>
        <line num="31" type="stmt" count="0"/>
        <line num="32" type="stmt" count="0"/>
        <line num="33" type="stmt" count="0"/>
        <line num="35" type="stmt" count="0"/>
        <line num="36" type="stmt" count="0"/>
        <line num="37" type="stmt" count="0"/>
        <line num="38" type="stmt" count="0"/>
        <line num="39" type="stmt" count="0"/>
        <line num="40" type="stmt" count="0"/>
        <line num="41" type="stmt" count="0"/>
        <line num="43" type="stmt" count="0"/>
        <line num="45" type="stmt" count="0"/>
        <line num="46" type="stmt" count="0"/>
        <line num="47" type="stmt" count="0"/>
        <line num="50" type="stmt" count="0"/>
        <line num="51" type="stmt" count="0"/>
        <line num="52" type="stmt" count="0"/>
        <line num="55" type="stmt" count="0"/>
        <line num="56" type="stmt" count="0"/>
        <line num="57" type="stmt" count="0"/>
        <line num="58" type="stmt" count="0"/>
        <line num="60" type="stmt" count="0"/>
        <line num="61" type="stmt" count="0"/>
        <line num="63" type="stmt" count="0"/>
        <line num="64" type="stmt" count="0"/>
        <line num="65" type="stmt" count="0"/>
        <line num="66" type="stmt" count="0"/>
        <line num="67" type="stmt" count="0"/>
        <line num="76" type="method" name="filterAction" crap="2" count="0"/>
        <line num="77" type="stmt" count="0"/>
        <line num="78" type="stmt" count="0"/>
        <line num="79" type="stmt" count="0"/>
        <line num="80" type="stmt" count="0"/>
        <line num="81" type="stmt" count="0"/>
        <line num="82" type="stmt" count="0"/>
        <line num="83" type="stmt" count="0"/>
        <line num="85" type="stmt" count="0"/>
        <line num="86" type="stmt" count="0"/>
        <line num="87" type="stmt" count="0"/>
        <line num="88" type="stmt" count="0"/>
        <line num="90" type="stmt" count="0"/>
        <line num="91" type="stmt" count="0"/>
        <line num="92" type="stmt" count="0"/>
        <line num="101" type="method" name="previewAction" crap="2" count="0"/>
        <line num="102" type="stmt" count="0"/>
        <line num="103" type="stmt" count="0"/>
        <line num="105" type="stmt" count="0"/>
        <line num="106" type="stmt" count="0"/>
        <line num="107" type="stmt" count="0"/>
        <line num="108" type="stmt" count="0"/>
        <line num="118" type="method" name="unsubscribeAction" crap="2" count="0"/>
        <line num="119" type="stmt" count="0"/>
        <line num="120" type="stmt" count="0"/>
        <line num="121" type="stmt" count="0"/>
        <line num="122" type="stmt" count="0"/>
        <line num="123" type="stmt" count="0"/>
        <line num="124" type="stmt" count="0"/>
        <line num="126" type="stmt" count="0"/>
        <line num="127" type="stmt" count="0"/>
        <line num="134" type="method" name="getFilterTitle" crap="12" count="0"/>
        <line num="135" type="stmt" count="0"/>
        <line num="136" type="stmt" count="0"/>
        <line num="137" type="stmt" count="0"/>
        <line num="139" type="stmt" count="0"/>
        <line num="140" type="stmt" count="0"/>
        <line num="141" type="stmt" count="0"/>
        <line num="142" type="stmt" count="0"/>
        <line num="143" type="stmt" count="0"/>
        <line num="144" type="stmt" count="0"/>
        <line num="146" type="stmt" count="0"/>
        <line num="147" type="stmt" count="0"/>
        <line num="148" type="stmt" count="0"/>
        <line num="149" type="stmt" count="0"/>
        <line num="150" type="stmt" count="0"/>
        <line num="152" type="stmt" count="0"/>
        <line num="153" type="stmt" count="0"/>
        <metrics loc="154" ncloc="109" classes="1" methods="5" coveredmethods="0" conditionals="0" coveredconditionals="0" statements="75" coveredstatements="0" elements="80" coveredelements="0"/>
      </file>
      <file name="/home/johnkrovitch/Projects/LeComptoirDeLEcureuil/src/AppBundle/Controller/MainController.php">
        <class name="MainController" namespace="AppBundle\Controller">
          <metrics methods="10" coveredmethods="1" conditionals="0" coveredconditionals="0" statements="61" coveredstatements="6" elements="71" coveredelements="7"/>
        </class>
        <line num="22" type="method" name="indexAction" crap="1" count="3"/>
        <line num="26" type="stmt" count="3"/>
        <line num="27" type="stmt" count="3"/>
        <line num="30" type="stmt" count="3"/>
        <line num="31" type="stmt" count="3"/>
        <line num="34" type="stmt" count="3"/>
        <line num="35" type="stmt" count="3"/>
        <line num="46" type="method" name="contactAction" crap="6" count="0"/>
        <line num="48" type="stmt" count="0"/>
        <line num="49" type="stmt" count="0"/>
        <line num="51" type="stmt" count="0"/>
        <line num="52" type="stmt" count="0"/>
        <line num="53" type="stmt" count="0"/>
        <line num="57" type="stmt" count="0"/>
        <line num="70" type="method" name="partnerAction" crap="2" count="0"/>
        <line num="74" type="stmt" count="0"/>
        <line num="75" type="stmt" count="0"/>
        <line num="76" type="stmt" count="0"/>
        <line num="78" type="stmt" count="0"/>
        <line num="81" type="stmt" count="0"/>
        <line num="82" type="stmt" count="0"/>
        <line num="85" type="stmt" count="0"/>
        <line num="86" type="stmt" count="0"/>
        <line num="93" type="method" name="whoAmIAction" crap="2" count="0"/>
        <line num="95" type="stmt" count="0"/>
        <line num="101" type="method" name="sitemapAction" crap="6" count="0"/>
        <line num="104" type="stmt" count="0"/>
        <line num="105" type="stmt" count="0"/>
        <line num="107" type="stmt" count="0"/>
        <line num="108" type="stmt" count="0"/>
        <line num="110" type="stmt" count="0"/>
        <line num="112" type="stmt" count="0"/>
        <line num="113" type="stmt" count="0"/>
        <line num="114" type="stmt" count="0"/>
        <line num="116" type="stmt" count="0"/>
        <line num="117" type="stmt" count="0"/>
        <line num="118" type="stmt" count="0"/>
        <line num="119" type="stmt" count="0"/>
        <line num="120" type="stmt" count="0"/>
        <line num="123" type="stmt" count="0"/>
        <line num="129" type="method" name="legalAction" crap="2" count="0"/>
        <line num="131" type="stmt" count="0"/>
        <line num="138" type="method" name="feedAction" crap="2" count="0"/>
        <line num="142" type="stmt" count="0"/>
        <line num="143" type="stmt" count="0"/>
        <line num="147" type="stmt" count="0"/>
        <line num="148" type="stmt" count="0"/>
        <line num="152" type="stmt" count="0"/>
        <line num="153" type="stmt" count="0"/>
        <line num="156" type="stmt" count="0"/>
        <line num="159" type="stmt" count="0"/>
        <line num="165" type="method" name="sendContactMail" crap="2" count="0"/>
        <line num="167" type="stmt" count="0"/>
        <line num="168" type="stmt" count="0"/>
        <line num="170" type="stmt" count="0"/>
        <line num="172" type="stmt" count="0"/>
        <line num="173" type="stmt" count="0"/>
        <line num="174" type="stmt" count="0"/>
        <line num="175" type="stmt" count="0"/>
        <line num="176" type="stmt" count="0"/>
        <line num="177" type="stmt" count="0"/>
        <line num="180" type="stmt" count="0"/>
        <line num="181" type="stmt" count="0"/>
        <line num="182" type="stmt" count="0"/>
        <line num="190" type="method" name="redirect404Unless" crap="6" count="0"/>
        <line num="192" type="stmt" count="0"/>
        <line num="193" type="stmt" count="0"/>
        <line num="195" type="stmt" count="0"/>
        <line num="197" type="method" name="translate" crap="2" count="0"/>
        <line num="200" type="stmt" count="0"/>
        <line num="201" type="stmt" count="0"/>
        <metrics loc="203" ncloc="141" classes="1" methods="10" coveredmethods="1" conditionals="0" coveredconditionals="0" statements="61" coveredstatements="6" elements="71" coveredelements="7"/>
      </file>
      <file name="/home/johnkrovitch/Projects/LeComptoirDeLEcureuil/src/AppBundle/Controller/PageController.php">
        <class name="PageController" namespace="AppBundle\Controller">
          <metrics methods="1" coveredmethods="0" conditionals="0" coveredconditionals="0" statements="11" coveredstatements="0" elements="12" coveredelements="0"/>
        </class>
        <line num="18" type="method" name="showAction" crap="6" count="0"/>
        <line num="19" type="stmt" count="0"/>
        <line num="20" type="stmt" count="0"/>
        <line num="21" type="stmt" count="0"/>
        <line num="22" type="stmt" count="0"/>
        <line num="24" type="stmt" count="0"/>
        <line num="25" type="stmt" count="0"/>
        <line num="26" type="stmt" count="0"/>
        <line num="28" type="stmt" count="0"/>
        <line num="29" type="stmt" count="0"/>
        <line num="30" type="stmt" count="0"/>
        <line num="31" type="stmt" count="0"/>
        <metrics loc="32" ncloc="25" classes="1" methods="1" coveredmethods="0" conditionals="0" coveredconditionals="0" statements="11" coveredstatements="0" elements="12" coveredelements="0"/>
      </file>
    </package>
    <package name="AppBundle\Entity">
      <file name="/home/johnkrovitch/Projects/LeComptoirDeLEcureuil/src/AppBundle/Entity/Partner.php">
        <class name="Partner" namespace="AppBundle\Entity">
          <metrics methods="22" coveredmethods="0" conditionals="0" coveredconditionals="0" statements="33" coveredstatements="0" elements="55" coveredelements="0"/>
        </class>
        <line num="113" type="method" name="getSlug" crap="2" count="0"/>
        <line num="115" type="stmt" count="0"/>
        <line num="121" type="method" name="getName" crap="2" count="0"/>
        <line num="123" type="stmt" count="0"/>
        <line num="131" type="method" name="setName" crap="2" count="0"/>
        <line num="133" type="stmt" count="0"/>
        <line num="135" type="stmt" count="0"/>
        <line num="141" type="method" name="getDescription" crap="2" count="0"/>
        <line num="143" type="stmt" count="0"/>
        <line num="151" type="method" name="setDescription" crap="2" count="0"/>
        <line num="153" type="stmt" count="0"/>
        <line num="155" type="stmt" count="0"/>
        <line num="163" type="method" name="setSlug" crap="2" count="0"/>
        <line num="165" type="stmt" count="0"/>
        <line num="167" type="stmt" count="0"/>
        <line num="173" type="method" name="getBaseline" crap="2" count="0"/>
        <line num="175" type="stmt" count="0"/>
        <line num="183" type="method" name="setBaseline" crap="2" count="0"/>
        <line num="185" type="stmt" count="0"/>
        <line num="187" type="stmt" count="0"/>
        <line num="193" type="method" name="getWebsite" crap="2" count="0"/>
        <line num="195" type="stmt" count="0"/>
        <line num="203" type="method" name="setWebsite" crap="2" count="0"/>
        <line num="205" type="stmt" count="0"/>
        <line num="207" type="stmt" count="0"/>
        <line num="213" type="method" name="getTwitter" crap="2" count="0"/>
        <line num="215" type="stmt" count="0"/>
        <line num="221" type="method" name="setTwitter" crap="2" count="0"/>
        <line num="223" type="stmt" count="0"/>
        <line num="224" type="stmt" count="0"/>
        <line num="229" type="method" name="getFacebook" crap="2" count="0"/>
        <line num="231" type="stmt" count="0"/>
        <line num="237" type="method" name="setFacebook" crap="2" count="0"/>
        <line num="239" type="stmt" count="0"/>
        <line num="240" type="stmt" count="0"/>
        <line num="245" type="method" name="getInstagram" crap="2" count="0"/>
        <line num="247" type="stmt" count="0"/>
        <line num="253" type="method" name="setInstagram" crap="2" count="0"/>
        <line num="255" type="stmt" count="0"/>
        <line num="256" type="stmt" count="0"/>
        <line num="261" type="method" name="getId" crap="2" count="0"/>
        <line num="263" type="stmt" count="0"/>
        <line num="269" type="method" name="setId" crap="2" count="0"/>
        <line num="271" type="stmt" count="0"/>
        <line num="272" type="stmt" count="0"/>
        <line num="277" type="method" name="getCreatedAt" crap="2" count="0"/>
        <line num="279" type="stmt" count="0"/>
        <line num="285" type="method" name="setCreatedAt" crap="2" count="0"/>
        <line num="287" type="stmt" count="0"/>
        <line num="288" type="stmt" count="0"/>
        <line num="293" type="method" name="getUpdatedAt" crap="2" count="0"/>
        <line num="295" type="stmt" count="0"/>
        <line num="301" type="method" name="setUpdatedAt" crap="2" count="0"/>
        <line num="303" type="stmt" count="0"/>
        <line num="304" type="stmt" count="0"/>
        <metrics loc="305" ncloc="153" classes="1" methods="22" coveredmethods="0" conditionals="0" coveredconditionals="0" statements="33" coveredstatements="0" elements="55" coveredelements="0"/>
      </file>
    </package>
    <package name="AppBundle\Form\Handler">
      <file name="/home/johnkrovitch/Projects/LeComptoirDeLEcureuil/src/AppBundle/Form/Handler/CommentHandler.php">
        <class name="CommentHandler" namespace="AppBundle\Form\Handler">
          <metrics methods="2" coveredmethods="0" conditionals="0" coveredconditionals="0" statements="14" coveredstatements="0" elements="16" coveredelements="0"/>
        </class>
        <line num="17" type="method" name="__construct" crap="2" count="0"/>
        <line num="18" type="stmt" count="0"/>
        <line num="19" type="stmt" count="0"/>
        <line num="20" type="stmt" count="0"/>
        <line num="22" type="method" name="handle" crap="2" count="0"/>
        <line num="23" type="stmt" count="0"/>
        <line num="24" type="stmt" count="0"/>
        <line num="26" type="stmt" count="0"/>
        <line num="27" type="stmt" count="0"/>
        <line num="28" type="stmt" count="0"/>
        <line num="29" type="stmt" count="0"/>
        <line num="30" type="stmt" count="0"/>
        <line num="32" type="stmt" count="0"/>
        <line num="33" type="stmt" count="0"/>
        <line num="34" type="stmt" count="0"/>
        <line num="35" type="stmt" count="0"/>
        <metrics loc="36" ncloc="33" classes="1" methods="2" coveredmethods="0" conditionals="0" coveredconditionals="0" statements="14" coveredstatements="0" elements="16" coveredelements="0"/>
      </file>
    </package>
    <package name="AppBundle\Form\Type">
      <file name="/home/johnkrovitch/Projects/LeComptoirDeLEcureuil/src/AppBundle/Form/Type/ContactType.php">
        <class name="ContactType" namespace="AppBundle\Form\Type">
          <metrics methods="2" coveredmethods="0" conditionals="0" coveredconditionals="0" statements="35" coveredstatements="0" elements="37" coveredelements="0"/>
        </class>
        <line num="21" type="method" name="buildForm" crap="2" count="0"/>
        <line num="22" type="stmt" count="0"/>
        <line num="23" type="stmt" count="0"/>
        <line num="24" type="stmt" count="0"/>
        <line num="25" type="stmt" count="0"/>
        <line num="26" type="stmt" count="0"/>
        <line num="27" type="stmt" count="0"/>
        <line num="28" type="stmt" count="0"/>
        <line num="29" type="stmt" count="0"/>
        <line num="30" type="stmt" count="0"/>
        <line num="31" type="stmt" count="0"/>
        <line num="32" type="stmt" count="0"/>
        <line num="33" type="stmt" count="0"/>
        <line num="34" type="stmt" count="0"/>
        <line num="35" type="stmt" count="0"/>
        <line num="36" type="stmt" count="0"/>
        <line num="37" type="stmt" count="0"/>
        <line num="38" type="stmt" count="0"/>
        <line num="39" type="stmt" count="0"/>
        <line num="40" type="stmt" count="0"/>
        <line num="42" type="stmt" count="0"/>
        <line num="43" type="stmt" count="0"/>
        <line num="44" type="stmt" count="0"/>
        <line num="45" type="stmt" count="0"/>
        <line num="46" type="stmt" count="0"/>
        <line num="47" type="stmt" count="0"/>
        <line num="48" type="stmt" count="0"/>
        <line num="49" type="stmt" count="0"/>
        <line num="50" type="stmt" count="0"/>
        <line num="51" type="stmt" count="0"/>
        <line num="52" type="stmt" count="0"/>
        <line num="53" type="stmt" count="0"/>
        <line num="54" type="stmt" count="0"/>
        <line num="61" type="method" name="getName" crap="2" count="0"/>
        <line num="62" type="stmt" count="0"/>
        <line num="63" type="stmt" count="0"/>
        <line num="64" type="stmt" count="0"/>
        <metrics loc="65" ncloc="51" classes="1" methods="2" coveredmethods="0" conditionals="0" coveredconditionals="0" statements="35" coveredstatements="0" elements="37" coveredelements="0"/>
      </file>
      <file name="/home/johnkrovitch/Projects/LeComptoirDeLEcureuil/src/AppBundle/Form/Type/PartnerType.php">
        <class name="PartnerType" namespace="AppBundle\Form\Type">
          <metrics methods="1" coveredmethods="0" conditionals="0" coveredconditionals="0" statements="31" coveredstatements="0" elements="32" coveredelements="0"/>
        </class>
        <line num="13" type="method" name="buildForm" crap="2" count="0"/>
        <line num="14" type="stmt" count="0"/>
        <line num="15" type="stmt" count="0"/>
        <line num="16" type="stmt" count="0"/>
        <line num="17" type="stmt" count="0"/>
        <line num="18" type="stmt" count="0"/>
        <line num="19" type="stmt" count="0"/>
        <line num="20" type="stmt" count="0"/>
        <line num="21" type="stmt" count="0"/>
        <line num="22" type="stmt" count="0"/>
        <line num="23" type="stmt" count="0"/>
        <line num="24" type="stmt" count="0"/>
        <line num="25" type="stmt" count="0"/>
        <line num="26" type="stmt" count="0"/>
        <line num="27" type="stmt" count="0"/>
        <line num="28" type="stmt" count="0"/>
        <line num="29" type="stmt" count="0"/>
        <line num="30" type="stmt" count="0"/>
        <line num="31" type="stmt" count="0"/>
        <line num="32" type="stmt" count="0"/>
        <line num="33" type="stmt" count="0"/>
        <line num="34" type="stmt" count="0"/>
        <line num="35" type="stmt" count="0"/>
        <line num="36" type="stmt" count="0"/>
        <line num="37" type="stmt" count="0"/>
        <line num="38" type="stmt" count="0"/>
        <line num="39" type="stmt" count="0"/>
        <line num="40" type="stmt" count="0"/>
        <line num="41" type="stmt" count="0"/>
        <line num="42" type="stmt" count="0"/>
        <line num="43" type="stmt" count="0"/>
        <line num="44" type="stmt" count="0"/>
        <metrics loc="45" ncloc="45" classes="1" methods="1" coveredmethods="0" conditionals="0" coveredconditionals="0" statements="31" coveredstatements="0" elements="32" coveredelements="0"/>
      </file>
    </package>
    <package name="AppBundle\Google">
      <file name="/home/johnkrovitch/Projects/LeComptoirDeLEcureuil/src/AppBundle/Google/UserProvider.php">
        <class name="UserProvider" namespace="AppBundle\Google">
          <metrics methods="5" coveredmethods="1" conditionals="0" coveredconditionals="0" statements="27" coveredstatements="3" elements="32" coveredelements="4"/>
        </class>
        <line num="32" type="method" name="__construct" crap="1" count="3"/>
        <line num="34" type="stmt" count="3"/>
        <line num="35" type="stmt" count="3"/>
        <line num="36" type="stmt" count="3"/>
        <line num="47" type="method" name="loadUserByOAuthUserResponse" crap="12" count="0"/>
        <line num="49" type="stmt" count="0"/>
        <line num="50" type="stmt" count="0"/>
        <line num="54" type="stmt" count="0"/>
        <line num="55" type="stmt" count="0"/>
        <line num="56" type="stmt" count="0"/>
        <line num="59" type="stmt" count="0"/>
        <line num="61" type="stmt" count="0"/>
        <line num="62" type="stmt" count="0"/>
        <line num="63" type="stmt" count="0"/>
        <line num="64" type="stmt" count="0"/>
        <line num="65" type="stmt" count="0"/>
        <line num="66" type="stmt" count="0"/>
        <line num="67" type="stmt" count="0"/>
        <line num="68" type="stmt" count="0"/>
        <line num="69" type="stmt" count="0"/>
        <line num="70" type="stmt" count="0"/>
        <line num="73" type="stmt" count="0"/>
        <line num="74" type="stmt" count="0"/>
        <line num="78" type="stmt" count="0"/>
        <line num="79" type="stmt" count="0"/>
        <line num="82" type="stmt" count="0"/>
        <line num="97" type="method" name="loadUserByUsername" crap="2" count="0"/>
        <line num="99" type="stmt" count="0"/>
        <line num="116" type="method" name="refreshUser" crap="2" count="0"/>
        <line num="118" type="stmt" count="0"/>
        <line num="128" type="method" name="supportsClass" crap="2" count="0"/>
        <line num="130" type="stmt" count="0"/>
        <metrics loc="132" ncloc="78" classes="1" methods="5" coveredmethods="1" conditionals="0" coveredconditionals="0" statements="27" coveredstatements="3" elements="32" coveredelements="4"/>
      </file>
    </package>
    <package name="AppBundle\Repository">
      <file name="/home/johnkrovitch/Projects/LeComptoirDeLEcureuil/src/AppBundle/Repository/PartnerRepository.php">
        <class name="PartnerRepository" namespace="AppBundle\Repository">
          <metrics methods="0" coveredmethods="0" conditionals="0" coveredconditionals="0" statements="0" coveredstatements="0" elements="0" coveredelements="0"/>
        </class>
        <metrics loc="9" ncloc="9" classes="1" methods="0" coveredmethods="0" conditionals="0" coveredconditionals="0" statements="0" coveredstatements="0" elements="0" coveredelements="0"/>
      </file>
    </package>
    <package name="AppBundle\Sitemap">
      <file name="/home/johnkrovitch/Projects/LeComptoirDeLEcureuil/src/AppBundle/Sitemap/Generator.php">
        <class name="Generator" namespace="AppBundle\Sitemap">
          <metrics methods="2" coveredmethods="0" conditionals="0" coveredconditionals="0" statements="46" coveredstatements="0" elements="48" coveredelements="0"/>
        </class>
        <line num="46" type="method" name="__construct" crap="6" count="0"/>
        <line num="47" type="stmt" count="0"/>
        <line num="48" type="stmt" count="0"/>
        <line num="49" type="stmt" count="0"/>
        <line num="50" type="stmt" count="0"/>
        <line num="51" type="stmt" count="0"/>
        <line num="52" type="stmt" count="0"/>
        <line num="53" type="stmt" count="0"/>
        <line num="54" type="stmt" count="0"/>
        <line num="55" type="stmt" count="0"/>
        <line num="57" type="stmt" count="0"/>
        <line num="58" type="stmt" count="0"/>
        <line num="59" type="stmt" count="0"/>
        <line num="60" type="stmt" count="0"/>
        <line num="67" type="method" name="generate" crap="6" count="0"/>
        <line num="68" type="stmt" count="0"/>
        <line num="69" type="stmt" count="0"/>
        <line num="71" type="stmt" count="0"/>
        <line num="72" type="stmt" count="0"/>
        <line num="73" type="stmt" count="0"/>
        <line num="75" type="stmt" count="0"/>
        <line num="77" type="stmt" count="0"/>
        <line num="78" type="stmt" count="0"/>
        <line num="79" type="stmt" count="0"/>
        <line num="82" type="stmt" count="0"/>
        <line num="83" type="stmt" count="0"/>
        <line num="85" type="stmt" count="0"/>
        <line num="86" type="stmt" count="0"/>
        <line num="87" type="stmt" count="0"/>
        <line num="88" type="stmt" count="0"/>
        <line num="90" type="stmt" count="0"/>
        <line num="91" type="stmt" count="0"/>
        <line num="92" type="stmt" count="0"/>
        <line num="93" type="stmt" count="0"/>
        <line num="94" type="stmt" count="0"/>
        <line num="95" type="stmt" count="0"/>
        <line num="96" type="stmt" count="0"/>
        <line num="97" type="stmt" count="0"/>
        <line num="99" type="stmt" count="0"/>
        <line num="100" type="stmt" count="0"/>
        <line num="101" type="stmt" count="0"/>
        <line num="102" type="stmt" count="0"/>
        <line num="103" type="stmt" count="0"/>
        <line num="104" type="stmt" count="0"/>
        <line num="105" type="stmt" count="0"/>
        <line num="106" type="stmt" count="0"/>
        <line num="108" type="stmt" count="0"/>
        <line num="109" type="stmt" count="0"/>
        <metrics loc="110" ncloc="71" classes="1" methods="2" coveredmethods="0" conditionals="0" coveredconditionals="0" statements="46" coveredstatements="0" elements="48" coveredelements="0"/>
      </file>
    </package>
    <package name="AppBundle\Sitemap\Item">
      <file name="/home/johnkrovitch/Projects/LeComptoirDeLEcureuil/src/AppBundle/Sitemap/Item/Item.php">
        <class name="Item" namespace="AppBundle\Sitemap\Item">
          <metrics methods="5" coveredmethods="0" conditionals="0" coveredconditionals="0" statements="18" coveredstatements="0" elements="23" coveredelements="0"/>
        </class>
        <line num="18" type="method" name="__construct" crap="2" count="0"/>
        <line num="19" type="stmt" count="0"/>
        <line num="20" type="stmt" count="0"/>
        <line num="21" type="stmt" count="0"/>
        <line num="22" type="stmt" count="0"/>
        <line num="23" type="stmt" count="0"/>
        <line num="24" type="stmt" count="0"/>
        <line num="29" type="method" name="getLocation" crap="2" count="0"/>
        <line num="30" type="stmt" count="0"/>
        <line num="31" type="stmt" count="0"/>
        <line num="32" type="stmt" count="0"/>
        <line num="37" type="method" name="getFrequency" crap="2" count="0"/>
        <line num="38" type="stmt" count="0"/>
        <line num="39" type="stmt" count="0"/>
        <line num="40" type="stmt" count="0"/>
        <line num="45" type="method" name="getPriority" crap="2" count="0"/>
        <line num="46" type="stmt" count="0"/>
        <line num="47" type="stmt" count="0"/>
        <line num="48" type="stmt" count="0"/>
        <line num="50" type="method" name="getLastModification" crap="2" count="0"/>
        <line num="51" type="stmt" count="0"/>
        <line num="52" type="stmt" count="0"/>
        <line num="53" type="stmt" count="0"/>
        <metrics loc="54" ncloc="42" classes="1" methods="5" coveredmethods="0" conditionals="0" coveredconditionals="0" statements="18" coveredstatements="0" elements="23" coveredelements="0"/>
      </file>
    </package>
    <package name="BlueBear\CmsBundle">
      <file name="/home/johnkrovitch/Projects/LeComptoirDeLEcureuil/src/BlueBear/CmsBundle/BlueBearCmsBundle.php">
        <class name="BlueBearCmsBundle" namespace="BlueBear\CmsBundle">
          <metrics methods="0" coveredmethods="0" conditionals="0" coveredconditionals="0" statements="0" coveredstatements="0" elements="0" coveredelements="0"/>
        </class>
        <metrics loc="9" ncloc="9" classes="1" methods="0" coveredmethods="0" conditionals="0" coveredconditionals="0" statements="0" coveredstatements="0" elements="0" coveredelements="0"/>
      </file>
    </package>
    <package name="BlueBear\CmsBundle\Cms\Configuration">
      <file name="/home/johnkrovitch/Projects/LeComptoirDeLEcureuil/src/BlueBear/CmsBundle/Cms/Configuration/Cms.php">
        <class name="Cms" namespace="BlueBear\CmsBundle\Cms\Configuration">
          <metrics methods="0" coveredmethods="0" conditionals="0" coveredconditionals="0" statements="0" coveredstatements="0" elements="0" coveredelements="0"/>
        </class>
        <metrics loc="8" ncloc="8" classes="1" methods="0" coveredmethods="0" conditionals="0" coveredconditionals="0" statements="0" coveredstatements="0" elements="0" coveredelements="0"/>
      </file>
    </package>
    <package name="BlueBear\CmsBundle\Cms\Content\Behaviors">
      <file name="/home/johnkrovitch/Projects/LeComptoirDeLEcureuil/src/BlueBear/CmsBundle/Cms/Content/Behaviors/Authorable.php">
        <class name="Authorable" namespace="BlueBear\CmsBundle\Cms\Content\Behaviors">
          <metrics methods="0" coveredmethods="0" conditionals="0" coveredconditionals="0" statements="0" coveredstatements="0" elements="0" coveredelements="0"/>
        </class>
        <metrics loc="7" ncloc="7" classes="1" methods="0" coveredmethods="0" conditionals="0" coveredconditionals="0" statements="0" coveredstatements="0" elements="0" coveredelements="0"/>
      </file>
      <file name="/home/johnkrovitch/Projects/LeComptoirDeLEcureuil/src/BlueBear/CmsBundle/Cms/Content/Behaviors/Publishable.php">
        <class name="Publishable" namespace="BlueBear\CmsBundle\Cms\Content\Behaviors">
          <metrics methods="0" coveredmethods="0" conditionals="0" coveredconditionals="0" statements="0" coveredstatements="0" elements="0" coveredelements="0"/>
        </class>
        <metrics loc="7" ncloc="7" classes="1" methods="0" coveredmethods="0" conditionals="0" coveredconditionals="0" statements="0" coveredstatements="0" elements="0" coveredelements="0"/>
      </file>
      <file name="/home/johnkrovitch/Projects/LeComptoirDeLEcureuil/src/BlueBear/CmsBundle/Cms/Content/Behaviors/Timestampable.php">
        <class name="Timestampable" namespace="BlueBear\CmsBundle\Cms\Content\Behaviors">
          <metrics methods="0" coveredmethods="0" conditionals="0" coveredconditionals="0" statements="0" coveredstatements="0" elements="0" coveredelements="0"/>
        </class>
        <metrics loc="7" ncloc="7" classes="1" methods="0" coveredmethods="0" conditionals="0" coveredconditionals="0" statements="0" coveredstatements="0" elements="0" coveredelements="0"/>
      </file>
    </package>
    <package name="BlueBear\CmsBundle\Cms">
      <file name="/home/johnkrovitch/Projects/LeComptoirDeLEcureuil/src/BlueBear/CmsBundle/Cms/ContentBehavior.php">
        <class name="ContentBehavior" namespace="BlueBear\CmsBundle\Cms">
          <metrics methods="4" coveredmethods="1" conditionals="0" coveredconditionals="0" statements="9" coveredstatements="6" elements="13" coveredelements="7"/>
        </class>
        <line num="15" type="method" name="hydrateFromConfiguration" crap="2.02" count="3"/>
        <line num="17" type="stmt" count="3"/>
        <line num="18" type="stmt" count="0"/>
        <line num="20" type="stmt" count="3"/>
        <line num="21" type="stmt" count="3"/>
        <line num="22" type="stmt" count="3"/>
        <line num="23" type="stmt" count="3"/>
        <line num="25" type="method" name="getName" crap="2" count="0"/>
        <line num="27" type="stmt" count="0"/>
        <line num="30" type="method" name="getClass" crap="2" count="0"/>
        <line num="32" type="stmt" count="0"/>
        <line num="38" type="method" name="getFields" crap="1" count="3"/>
        <line num="40" type="stmt" count="3"/>
        <metrics loc="42" ncloc="39" classes="1" methods="4" coveredmethods="1" conditionals="0" coveredconditionals="0" statements="9" coveredstatements="6" elements="13" coveredelements="7"/>
      </file>
      <file name="/home/johnkrovitch/Projects/LeComptoirDeLEcureuil/src/BlueBear/CmsBundle/Cms/ContentType.php">
        <class name="ContentType" namespace="BlueBear\CmsBundle\Cms">
          <metrics methods="5" coveredmethods="0" conditionals="0" coveredconditionals="0" statements="12" coveredstatements="7" elements="17" coveredelements="7"/>
        </class>
        <line num="17" type="method" name="hydrateFromConfiguration" crap="4.03" count="3"/>
        <line num="19" type="stmt" count="3"/>
        <line num="21" type="stmt" count="3"/>
        <line num="22" type="stmt" count="3"/>
        <line num="24" type="stmt" count="0"/>
        <line num="26" type="stmt" count="3"/>
        <line num="27" type="stmt" count="3"/>
        <line num="28" type="stmt" count="3"/>
        <line num="31" type="stmt" count="3"/>
        <line num="36" type="method" name="getBehaviors" crap="2" count="0"/>
        <line num="38" type="stmt" count="0"/>
        <line num="44" type="method" name="getName" crap="2" count="0"/>
        <line num="46" type="stmt" count="0"/>
        <line num="49" type="method" name="getType" crap="2" count="0"/>
        <line num="51" type="stmt" count="0"/>
        <line num="57" type="method" name="getFields" crap="2" count="0"/>
        <line num="59" type="stmt" count="0"/>
        <metrics loc="61" ncloc="52" classes="1" methods="5" coveredmethods="0" conditionals="0" coveredconditionals="0" statements="12" coveredstatements="7" elements="17" coveredelements="7"/>
      </file>
    </package>
    <package name="BlueBear\CmsBundle\Command">
      <file name="/home/johnkrovitch/Projects/LeComptoirDeLEcureuil/src/BlueBear/CmsBundle/Command/AddUserCommand.php">
        <class name="AddUserCommand" namespace="BlueBear\CmsBundle\Command">
          <metrics methods="2" coveredmethods="0" conditionals="0" coveredconditionals="0" statements="30" coveredstatements="0" elements="32" coveredelements="0"/>
        </class>
        <line num="17" type="method" name="configure" crap="2" count="0"/>
        <line num="18" type="stmt" count="0"/>
        <line num="19" type="stmt" count="0"/>
        <line num="20" type="stmt" count="0"/>
        <line num="21" type="stmt" count="0"/>
        <line num="22" type="stmt" count="0"/>
        <line num="23" type="stmt" count="0"/>
        <line num="24" type="stmt" count="0"/>
        <line num="25" type="stmt" count="0"/>
        <line num="26" type="stmt" count="0"/>
        <line num="28" type="method" name="execute" crap="2" count="0"/>
        <line num="29" type="stmt" count="0"/>
        <line num="30" type="stmt" count="0"/>
        <line num="31" type="stmt" count="0"/>
        <line num="32" type="stmt" count="0"/>
        <line num="34" type="stmt" count="0"/>
        <line num="35" type="stmt" count="0"/>
        <line num="36" type="stmt" count="0"/>
        <line num="37" type="stmt" count="0"/>
        <line num="38" type="stmt" count="0"/>
        <line num="39" type="stmt" count="0"/>
        <line num="40" type="stmt" count="0"/>
        <line num="41" type="stmt" count="0"/>
        <line num="42" type="stmt" count="0"/>
        <line num="43" type="stmt" count="0"/>
        <line num="44" type="stmt" count="0"/>
        <line num="45" type="stmt" count="0"/>
        <line num="47" type="stmt" count="0"/>
        <line num="48" type="stmt" count="0"/>
        <line num="49" type="stmt" count="0"/>
        <line num="50" type="stmt" count="0"/>
        <line num="51" type="stmt" count="0"/>
        <metrics loc="52" ncloc="52" classes="1" methods="2" coveredmethods="0" conditionals="0" coveredconditionals="0" statements="30" coveredstatements="0" elements="32" coveredelements="0"/>
      </file>
      <file name="/home/johnkrovitch/Projects/LeComptoirDeLEcureuil/src/BlueBear/CmsBundle/Command/DatabaseLoadCommand.php">
        <class name="DatabaseLoadCommand" namespace="BlueBear\CmsBundle\Command">
          <metrics methods="4" coveredmethods="0" conditionals="0" coveredconditionals="0" statements="18" coveredstatements="0" elements="22" coveredelements="0"/>
        </class>
        <line num="26" type="method" name="setContainer" crap="2" count="0"/>
        <line num="27" type="stmt" count="0"/>
        <line num="28" type="stmt" count="0"/>
        <line num="29" type="stmt" count="0"/>
        <line num="34" type="method" name="configure" crap="2" count="0"/>
        <line num="35" type="stmt" count="0"/>
        <line num="36" type="stmt" count="0"/>
        <line num="37" type="stmt" count="0"/>
        <line num="38" type="stmt" count="0"/>
        <line num="39" type="stmt" count="0"/>
        <line num="47" type="method" name="execute" crap="12" count="0"/>
        <line num="48" type="stmt" count="0"/>
        <line num="49" type="stmt" count="0"/>
        <line num="50" type="stmt" count="0"/>
        <line num="53" type="stmt" count="0"/>
        <line num="54" type="stmt" count="0"/>
        <line num="55" type="stmt" count="0"/>
        <line num="56" type="stmt" count="0"/>
        <line num="57" type="stmt" count="0"/>
        <line num="58" type="method" name="anonymous function" crap="2" count="0"/>
        <line num="59" type="stmt" count="0"/>
        <line num="60" type="stmt" count="0"/>
        <line num="62" type="stmt" count="0"/>
        <line num="65" type="stmt" count="0"/>
        <line num="66" type="stmt" count="0"/>
        <line num="67" type="stmt" count="0"/>
        <line num="68" type="stmt" count="0"/>
        <line num="70" type="stmt" count="0"/>
        <line num="72" type="stmt" count="0"/>
        <line num="73" type="stmt" count="0"/>
        <line num="74" type="stmt" count="0"/>
        <line num="75" type="stmt" count="0"/>
        <line num="76" type="stmt" count="0"/>
        <line num="77" type="stmt" count="0"/>
        <line num="78" type="stmt" count="0"/>
        <line num="79" type="stmt" count="0"/>
        <line num="81" type="stmt" count="0"/>
        <line num="82" type="stmt" count="0"/>
        <line num="83" type="stmt" count="0"/>
        <line num="84" type="stmt" count="0"/>
        <line num="85" type="stmt" count="0"/>
        <line num="87" type="stmt" count="0"/>
        <line num="89" type="stmt" count="0"/>
        <line num="90" type="stmt" count="0"/>
        <line num="92" type="stmt" count="0"/>
        <line num="93" type="stmt" count="0"/>
        <line num="94" type="stmt" count="0"/>
        <line num="95" type="stmt" count="0"/>
        <line num="96" type="stmt" count="0"/>
        <line num="97" type="stmt" count="0"/>
        <line num="98" type="stmt" count="0"/>
        <line num="99" type="stmt" count="0"/>
        <line num="100" type="stmt" count="0"/>
        <line num="101" type="stmt" count="0"/>
        <line num="102" type="stmt" count="0"/>
        <line num="103" type="stmt" count="0"/>
        <line num="104" type="stmt" count="0"/>
        <line num="105" type="stmt" count="0"/>
        <line num="106" type="stmt" count="0"/>
        <line num="107" type="stmt" count="0"/>
        <line num="108" type="stmt" count="0"/>
        <line num="109" type="stmt" count="0"/>
        <line num="110" type="stmt" count="0"/>
        <line num="111" type="stmt" count="0"/>
        <metrics loc="112" ncloc="88" classes="1" methods="4" coveredmethods="0" conditionals="0" coveredconditionals="0" statements="60" coveredstatements="0" elements="64" coveredelements="0"/>
      </file>
      <file name="/home/johnkrovitch/Projects/LeComptoirDeLEcureuil/src/BlueBear/CmsBundle/Command/ImportCommand.php">
        <class name="ImportCommand" namespace="BlueBear\CmsBundle\Command">
          <metrics methods="2" coveredmethods="0" conditionals="0" coveredconditionals="0" statements="24" coveredstatements="0" elements="26" coveredelements="0"/>
        </class>
        <line num="15" type="method" name="configure" crap="2" count="0"/>
        <line num="16" type="stmt" count="0"/>
        <line num="17" type="stmt" count="0"/>
        <line num="18" type="stmt" count="0"/>
        <line num="19" type="stmt" count="0"/>
        <line num="20" type="stmt" count="0"/>
        <line num="21" type="stmt" count="0"/>
        <line num="22" type="stmt" count="0"/>
        <line num="24" type="method" name="execute" crap="12" count="0"/>
        <line num="25" type="stmt" count="0"/>
        <line num="27" type="stmt" count="0"/>
        <line num="28" type="stmt" count="0"/>
        <line num="30" type="stmt" count="0"/>
        <line num="31" type="stmt" count="0"/>
        <line num="32" type="stmt" count="0"/>
        <line num="33" type="stmt" count="0"/>
        <line num="34" type="stmt" count="0"/>
        <line num="35" type="stmt" count="0"/>
        <line num="36" type="stmt" count="0"/>
        <line num="37" type="stmt" count="0"/>
        <line num="38" type="stmt" count="0"/>
        <line num="39" type="stmt" count="0"/>
        <line num="40" type="stmt" count="0"/>
        <line num="41" type="stmt" count="0"/>
        <line num="42" type="stmt" count="0"/>
        <line num="43" type="stmt" count="0"/>
        <metrics loc="44" ncloc="40" classes="1" methods="2" coveredmethods="0" conditionals="0" coveredconditionals="0" statements="24" coveredstatements="0" elements="26" coveredelements="0"/>
      </file>
    </package>
    <package name="BlueBear\CmsBundle\Controller">
      <file name="/home/johnkrovitch/Projects/LeComptoirDeLEcureuil/src/BlueBear/CmsBundle/Controller/CmsController.php">
        <class name="CmsController" namespace="BlueBear\CmsBundle\Controller">
          <metrics methods="1" coveredmethods="0" conditionals="0" coveredconditionals="0" statements="8" coveredstatements="0" elements="9" coveredelements="0"/>
        </class>
        <line num="15" type="method" name="homepageAction" crap="2" count="0"/>
        <line num="16" type="stmt" count="0"/>
        <line num="17" type="stmt" count="0"/>
        <line num="18" type="stmt" count="0"/>
        <line num="19" type="stmt" count="0"/>
        <line num="21" type="stmt" count="0"/>
        <line num="22" type="stmt" count="0"/>
        <line num="23" type="stmt" count="0"/>
        <line num="24" type="stmt" count="0"/>
        <metrics loc="25" ncloc="20" classes="1" methods="1" coveredmethods="0" conditionals="0" coveredconditionals="0" statements="8" coveredstatements="0" elements="9" coveredelements="0"/>
      </file>
      <file name="/home/johnkrovitch/Projects/LeComptoirDeLEcureuil/src/BlueBear/CmsBundle/Controller/ContentController.php">
        <class name="ContentController" namespace="BlueBear\CmsBundle\Controller">
          <metrics methods="3" coveredmethods="0" conditionals="0" coveredconditionals="0" statements="47" coveredstatements="0" elements="50" coveredelements="0"/>
        </class>
        <line num="22" type="method" name="listAction" crap="2" count="0"/>
        <line num="23" type="stmt" count="0"/>
        <line num="24" type="stmt" count="0"/>
        <line num="25" type="stmt" count="0"/>
        <line num="26" type="stmt" count="0"/>
        <line num="27" type="stmt" count="0"/>
        <line num="28" type="stmt" count="0"/>
        <line num="29" type="stmt" count="0"/>
        <line num="31" type="stmt" count="0"/>
        <line num="32" type="stmt" count="0"/>
        <line num="33" type="stmt" count="0"/>
        <line num="34" type="stmt" count="0"/>
        <line num="43" type="method" name="editAction" crap="30" count="0"/>
        <line num="44" type="stmt" count="0"/>
        <line num="45" type="stmt" count="0"/>
        <line num="47" type="stmt" count="0"/>
        <line num="48" type="stmt" count="0"/>
        <line num="49" type="stmt" count="0"/>
        <line num="51" type="stmt" count="0"/>
        <line num="53" type="stmt" count="0"/>
        <line num="54" type="stmt" count="0"/>
        <line num="55" type="stmt" count="0"/>
        <line num="56" type="stmt" count="0"/>
        <line num="58" type="stmt" count="0"/>
        <line num="59" type="stmt" count="0"/>
        <line num="60" type="stmt" count="0"/>
        <line num="61" type="stmt" count="0"/>
        <line num="62" type="stmt" count="0"/>
        <line num="63" type="stmt" count="0"/>
        <line num="65" type="stmt" count="0"/>
        <line num="66" type="stmt" count="0"/>
        <line num="67" type="stmt" count="0"/>
        <line num="69" type="stmt" count="0"/>
        <line num="70" type="stmt" count="0"/>
        <line num="71" type="stmt" count="0"/>
        <line num="72" type="stmt" count="0"/>
        <line num="73" type="stmt" count="0"/>
        <line num="74" type="stmt" count="0"/>
        <line num="76" type="stmt" count="0"/>
        <line num="77" type="stmt" count="0"/>
        <line num="78" type="stmt" count="0"/>
        <line num="79" type="stmt" count="0"/>
        <line num="80" type="stmt" count="0"/>
        <line num="82" type="stmt" count="0"/>
        <line num="83" type="stmt" count="0"/>
        <line num="84" type="stmt" count="0"/>
        <line num="85" type="stmt" count="0"/>
        <line num="87" type="method" name="deleteAction" crap="2" count="0"/>
        <line num="88" type="stmt" count="0"/>
        <line num="90" type="stmt" count="0"/>
        <metrics loc="91" ncloc="70" classes="1" methods="3" coveredmethods="0" conditionals="0" coveredconditionals="0" statements="47" coveredstatements="0" elements="50" coveredelements="0"/>
      </file>
      <file name="/home/johnkrovitch/Projects/LeComptoirDeLEcureuil/src/BlueBear/CmsBundle/Controller/GuardController.php">
        <class name="GuardController" namespace="BlueBear\CmsBundle\Controller">
          <metrics methods="2" coveredmethods="0" conditionals="0" coveredconditionals="0" statements="18" coveredstatements="0" elements="20" coveredelements="0"/>
        </class>
        <line num="12" type="method" name="loginAction" crap="12" count="0"/>
        <line num="13" type="stmt" count="0"/>
        <line num="14" type="stmt" count="0"/>
        <line num="17" type="stmt" count="0"/>
        <line num="18" type="stmt" count="0"/>
        <line num="19" type="stmt" count="0"/>
        <line num="20" type="stmt" count="0"/>
        <line num="21" type="stmt" count="0"/>
        <line num="22" type="stmt" count="0"/>
        <line num="23" type="stmt" count="0"/>
        <line num="24" type="stmt" count="0"/>
        <line num="26" type="stmt" count="0"/>
        <line num="27" type="stmt" count="0"/>
        <line num="28" type="stmt" count="0"/>
        <line num="29" type="stmt" count="0"/>
        <line num="30" type="stmt" count="0"/>
        <line num="32" type="method" name="loginCheckAction" crap="2" count="0"/>
        <line num="33" type="stmt" count="0"/>
        <line num="35" type="stmt" count="0"/>
        <line num="36" type="stmt" count="0"/>
        <metrics loc="37" ncloc="33" classes="1" methods="2" coveredmethods="0" conditionals="0" coveredconditionals="0" statements="18" coveredstatements="0" elements="20" coveredelements="0"/>
      </file>
      <file name="/home/johnkrovitch/Projects/LeComptoirDeLEcureuil/src/BlueBear/CmsBundle/Controller/ImageController.php">
        <class name="ImageController" namespace="BlueBear\CmsBundle\Controller">
          <metrics methods="1" coveredmethods="0" conditionals="0" coveredconditionals="0" statements="2" coveredstatements="0" elements="3" coveredelements="0"/>
        </class>
        <line num="13" type="method" name="galleryDialogAction" crap="2" count="0"/>
        <line num="14" type="stmt" count="0"/>
        <line num="15" type="stmt" count="0"/>
        <metrics loc="16" ncloc="13" classes="1" methods="1" coveredmethods="0" conditionals="0" coveredconditionals="0" statements="2" coveredstatements="0" elements="3" coveredelements="0"/>
      </file>
      <file name="/home/johnkrovitch/Projects/LeComptoirDeLEcureuil/src/BlueBear/CmsBundle/Controller/ImportController.php">
        <class name="ImportController" namespace="BlueBear\CmsBundle\Controller">
          <metrics methods="1" coveredmethods="0" conditionals="0" coveredconditionals="0" statements="15" coveredstatements="0" elements="16" coveredelements="0"/>
        </class>
        <line num="20" type="method" name="createAction" crap="6" count="0"/>
        <line num="21" type="stmt" count="0"/>
        <line num="22" type="stmt" count="0"/>
        <line num="23" type="stmt" count="0"/>
        <line num="24" type="stmt" count="0"/>
        <line num="26" type="stmt" count="0"/>
        <line num="27" type="stmt" count="0"/>
        <line num="28" type="stmt" count="0"/>
        <line num="29" type="stmt" count="0"/>
        <line num="30" type="stmt" count="0"/>
        <line num="32" type="stmt" count="0"/>
        <line num="33" type="stmt" count="0"/>
        <line num="35" type="stmt" count="0"/>
        <line num="36" type="stmt" count="0"/>
        <line num="37" type="stmt" count="0"/>
        <line num="38" type="stmt" count="0"/>
        <metrics loc="39" ncloc="32" classes="1" methods="1" coveredmethods="0" conditionals="0" coveredconditionals="0" statements="15" coveredstatements="0" elements="16" coveredelements="0"/>
      </file>
    </package>
    <package name="BlueBear\CmsBundle\Dashboard">
      <file name="/home/johnkrovitch/Projects/LeComptoirDeLEcureuil/src/BlueBear/CmsBundle/Dashboard/Dashboard.php">
        <class name="Dashboard" namespace="BlueBear\CmsBundle\Dashboard">
          <metrics methods="2" coveredmethods="0" conditionals="0" coveredconditionals="0" statements="9" coveredstatements="0" elements="11" coveredelements="0"/>
        </class>
        <line num="15" type="method" name="addHeadingItem" crap="6" count="0"/>
        <line num="16" type="stmt" count="0"/>
        <line num="17" type="stmt" count="0"/>
        <line num="18" type="stmt" count="0"/>
        <line num="19" type="stmt" count="0"/>
        <line num="20" type="stmt" count="0"/>
        <line num="21" type="stmt" count="0"/>
        <line num="26" type="method" name="getHeadingItems" crap="2" count="0"/>
        <line num="27" type="stmt" count="0"/>
        <line num="28" type="stmt" count="0"/>
        <line num="29" type="stmt" count="0"/>
        <metrics loc="30" ncloc="27" classes="1" methods="2" coveredmethods="0" conditionals="0" coveredconditionals="0" statements="9" coveredstatements="0" elements="11" coveredelements="0"/>
      </file>
      <file name="/home/johnkrovitch/Projects/LeComptoirDeLEcureuil/src/BlueBear/CmsBundle/Dashboard/DashboardItem.php">
        <class name="DashboardItem" namespace="BlueBear\CmsBundle\Dashboard">
          <metrics methods="7" coveredmethods="0" conditionals="0" coveredconditionals="0" statements="32" coveredstatements="0" elements="39" coveredelements="0"/>
        </class>
        <line num="55" type="method" name="__construct" crap="2" count="0"/>
        <line num="56" type="stmt" count="0"/>
        <line num="57" type="stmt" count="0"/>
        <line num="58" type="stmt" count="0"/>
        <line num="59" type="stmt" count="0"/>
        <line num="60" type="stmt" count="0"/>
        <line num="61" type="stmt" count="0"/>
        <line num="62" type="stmt" count="0"/>
        <line num="63" type="stmt" count="0"/>
        <line num="64" type="stmt" count="0"/>
        <line num="65" type="stmt" count="0"/>
        <line num="66" type="stmt" count="0"/>
        <line num="67" type="stmt" count="0"/>
        <line num="68" type="stmt" count="0"/>
        <line num="69" type="stmt" count="0"/>
        <line num="74" type="method" name="getIcon" crap="2" count="0"/>
        <line num="75" type="stmt" count="0"/>
        <line num="76" type="stmt" count="0"/>
        <line num="77" type="stmt" count="0"/>
        <line num="82" type="method" name="getCount" crap="2" count="0"/>
        <line num="83" type="stmt" count="0"/>
        <line num="84" type="stmt" count="0"/>
        <line num="85" type="stmt" count="0"/>
        <line num="90" type="method" name="getText" crap="2" count="0"/>
        <line num="91" type="stmt" count="0"/>
        <line num="92" type="stmt" count="0"/>
        <line num="93" type="stmt" count="0"/>
        <line num="98" type="method" name="getUrl" crap="2" count="0"/>
        <line num="99" type="stmt" count="0"/>
        <line num="100" type="stmt" count="0"/>
        <line num="101" type="stmt" count="0"/>
        <line num="106" type="method" name="getLinkText" crap="2" count="0"/>
        <line num="107" type="stmt" count="0"/>
        <line num="108" type="stmt" count="0"/>
        <line num="109" type="stmt" count="0"/>
        <line num="114" type="method" name="getPanelClass" crap="2" count="0"/>
        <line num="115" type="stmt" count="0"/>
        <line num="116" type="stmt" count="0"/>
        <line num="117" type="stmt" count="0"/>
        <metrics loc="118" ncloc="64" classes="1" methods="7" coveredmethods="0" conditionals="0" coveredconditionals="0" statements="32" coveredstatements="0" elements="39" coveredelements="0"/>
      </file>
    </package>
    <package name="BlueBear\CmsBundle\Dashboard\Factory">
      <file name="/home/johnkrovitch/Projects/LeComptoirDeLEcureuil/src/BlueBear/CmsBundle/Dashboard/Factory/DashboardFactory.php">
        <class name="DashboardFactory" namespace="BlueBear\CmsBundle\Dashboard\Factory">
          <metrics methods="3" coveredmethods="0" conditionals="0" coveredconditionals="0" statements="43" coveredstatements="0" elements="46" coveredelements="0"/>
        </class>
        <line num="22" type="method" name="__construct" crap="2" count="0"/>
        <line num="23" type="stmt" count="0"/>
        <line num="24" type="stmt" count="0"/>
        <line num="25" type="stmt" count="0"/>
        <line num="26" type="stmt" count="0"/>
        <line num="27" type="stmt" count="0"/>
        <line num="28" type="stmt" count="0"/>
        <line num="35" type="method" name="create" crap="2" count="0"/>
        <line num="36" type="stmt" count="0"/>
        <line num="37" type="stmt" count="0"/>
        <line num="38" type="stmt" count="0"/>
        <line num="40" type="stmt" count="0"/>
        <line num="41" type="stmt" count="0"/>
        <line num="47" type="method" name="createHeaders" crap="2" count="0"/>
        <line num="48" type="stmt" count="0"/>
        <line num="50" type="stmt" count="0"/>
        <line num="51" type="stmt" count="0"/>
        <line num="52" type="stmt" count="0"/>
        <line num="53" type="stmt" count="0"/>
        <line num="54" type="stmt" count="0"/>
        <line num="55" type="stmt" count="0"/>
        <line num="56" type="stmt" count="0"/>
        <line num="57" type="stmt" count="0"/>
        <line num="58" type="stmt" count="0"/>
        <line num="59" type="stmt" count="0"/>
        <line num="61" type="stmt" count="0"/>
        <line num="62" type="stmt" count="0"/>
        <line num="63" type="stmt" count="0"/>
        <line num="64" type="stmt" count="0"/>
        <line num="65" type="stmt" count="0"/>
        <line num="66" type="stmt" count="0"/>
        <line num="67" type="stmt" count="0"/>
        <line num="68" type="stmt" count="0"/>
        <line num="69" type="stmt" count="0"/>
        <line num="70" type="stmt" count="0"/>
        <line num="72" type="stmt" count="0"/>
        <line num="73" type="stmt" count="0"/>
        <line num="74" type="stmt" count="0"/>
        <line num="75" type="stmt" count="0"/>
        <line num="76" type="stmt" count="0"/>
        <line num="77" type="stmt" count="0"/>
        <line num="78" type="stmt" count="0"/>
        <line num="79" type="stmt" count="0"/>
        <line num="80" type="stmt" count="0"/>
        <line num="81" type="stmt" count="0"/>
        <line num="82" type="stmt" count="0"/>
        <metrics loc="83" ncloc="62" classes="1" methods="3" coveredmethods="0" conditionals="0" coveredconditionals="0" statements="43" coveredstatements="0" elements="46" coveredelements="0"/>
      </file>
    </package>
    <package name="BlueBear\CmsBundle\DependencyInjection">
      <file name="/home/johnkrovitch/Projects/LeComptoirDeLEcureuil/src/BlueBear/CmsBundle/DependencyInjection/BlueBearCmsExtension.php">
        <class name="BlueBearCmsExtension" namespace="BlueBear\CmsBundle\DependencyInjection">
          <metrics methods="1" coveredmethods="0" conditionals="0" coveredconditionals="0" statements="14" coveredstatements="0" elements="15" coveredelements="0"/>
        </class>
        <line num="12" type="method" name="load" crap="20" count="0"/>
        <line num="13" type="stmt" count="0"/>
        <line num="14" type="stmt" count="0"/>
        <line num="15" type="stmt" count="0"/>
        <line num="17" type="stmt" count="0"/>
        <line num="18" type="stmt" count="0"/>
        <line num="20" type="stmt" count="0"/>
        <line num="21" type="stmt" count="0"/>
        <line num="22" type="stmt" count="0"/>
        <line num="24" type="stmt" count="0"/>
        <line num="25" type="stmt" count="0"/>
        <line num="26" type="stmt" count="0"/>
        <line num="27" type="stmt" count="0"/>
        <line num="28" type="stmt" count="0"/>
        <line num="29" type="stmt" count="0"/>
        <metrics loc="30" ncloc="28" classes="1" methods="1" coveredmethods="0" conditionals="0" coveredconditionals="0" statements="14" coveredstatements="0" elements="15" coveredelements="0"/>
      </file>
      <file name="/home/johnkrovitch/Projects/LeComptoirDeLEcureuil/src/BlueBear/CmsBundle/DependencyInjection/Configuration.php">
        <class name="Configuration" namespace="BlueBear\CmsBundle\DependencyInjection">
          <metrics methods="1" coveredmethods="0" conditionals="0" coveredconditionals="0" statements="31" coveredstatements="0" elements="32" coveredelements="0"/>
        </class>
        <line num="10" type="method" name="getConfigTreeBuilder" crap="2" count="0"/>
        <line num="11" type="stmt" count="0"/>
        <line num="12" type="stmt" count="0"/>
        <line num="13" type="stmt" count="0"/>
        <line num="15" type="stmt" count="0"/>
        <line num="16" type="stmt" count="0"/>
        <line num="17" type="stmt" count="0"/>
        <line num="18" type="stmt" count="0"/>
        <line num="19" type="stmt" count="0"/>
        <line num="20" type="stmt" count="0"/>
        <line num="21" type="stmt" count="0"/>
        <line num="22" type="stmt" count="0"/>
        <line num="23" type="stmt" count="0"/>
        <line num="24" type="stmt" count="0"/>
        <line num="25" type="stmt" count="0"/>
        <line num="26" type="stmt" count="0"/>
        <line num="27" type="stmt" count="0"/>
        <line num="28" type="stmt" count="0"/>
        <line num="29" type="stmt" count="0"/>
        <line num="30" type="stmt" count="0"/>
        <line num="31" type="stmt" count="0"/>
        <line num="32" type="stmt" count="0"/>
        <line num="33" type="stmt" count="0"/>
        <line num="34" type="stmt" count="0"/>
        <line num="35" type="stmt" count="0"/>
        <line num="36" type="stmt" count="0"/>
        <line num="37" type="stmt" count="0"/>
        <line num="38" type="stmt" count="0"/>
        <line num="39" type="stmt" count="0"/>
        <line num="41" type="stmt" count="0"/>
        <line num="43" type="stmt" count="0"/>
        <line num="44" type="stmt" count="0"/>
        <metrics loc="45" ncloc="45" classes="1" methods="1" coveredmethods="0" conditionals="0" coveredconditionals="0" statements="31" coveredstatements="0" elements="32" coveredelements="0"/>
      </file>
    </package>
    <package name="BlueBear\CmsBundle\Entity\Behavior">
      <file name="/home/johnkrovitch/Projects/LeComptoirDeLEcureuil/src/BlueBear/CmsBundle/Entity/Behavior/Taggable.php">
        <class name="Taggable" namespace="BlueBear\CmsBundle\Entity\Behavior">
          <metrics methods="2" coveredmethods="0" conditionals="0" coveredconditionals="0" statements="7" coveredstatements="0" elements="9" coveredelements="0"/>
        </class>
        <line num="27" type="method" name="setTags" crap="2" count="0"/>
        <line num="28" type="stmt" count="0"/>
        <line num="29" type="stmt" count="0"/>
        <line num="31" type="stmt" count="0"/>
        <line num="32" type="stmt" count="0"/>
        <line num="39" type="method" name="getTags" crap="2" count="0"/>
        <line num="40" type="stmt" count="0"/>
        <line num="41" type="stmt" count="0"/>
        <line num="42" type="stmt" count="0"/>
        <metrics loc="43" ncloc="22" classes="1" methods="2" coveredmethods="0" conditionals="0" coveredconditionals="0" statements="7" coveredstatements="0" elements="9" coveredelements="0"/>
      </file>
    </package>
    <package name="BlueBear\CmsBundle\Entity">
      <file name="/home/johnkrovitch/Projects/LeComptoirDeLEcureuil/src/BlueBear/CmsBundle/Entity/Category.php">
        <class name="Category" namespace="BlueBear\CmsBundle\Entity">
          <metrics methods="28" coveredmethods="3" conditionals="0" coveredconditionals="0" statements="45" coveredstatements="3" elements="73" coveredelements="6"/>
        </class>
        <line num="144" type="method" name="getName" crap="1" count="3"/>
        <line num="146" type="stmt" count="3"/>
        <line num="154" type="method" name="setName" crap="2" count="0"/>
        <line num="156" type="stmt" count="0"/>
        <line num="157" type="stmt" count="0"/>
        <line num="164" type="method" name="setDescription" crap="2" count="0"/>
        <line num="166" type="stmt" count="0"/>
        <line num="167" type="stmt" count="0"/>
        <line num="174" type="method" name="getDescription" crap="1" count="3"/>
        <line num="176" type="stmt" count="3"/>
        <line num="182" type="method" name="__toString" crap="2" count="0"/>
        <line num="184" type="stmt" count="0"/>
        <line num="190" type="method" name="__construct" crap="2" count="0"/>
        <line num="192" type="stmt" count="0"/>
        <line num="193" type="stmt" count="0"/>
        <line num="198" type="method" name="getArticles" crap="2" count="0"/>
        <line num="200" type="stmt" count="0"/>
        <line num="206" type="method" name="setArticles" crap="2" count="0"/>
        <line num="208" type="stmt" count="0"/>
        <line num="209" type="stmt" count="0"/>
        <line num="214" type="method" name="addArticle" crap="2" count="0"/>
        <line num="216" type="stmt" count="0"/>
        <line num="217" type="stmt" count="0"/>
        <line num="222" type="method" name="getPublicationStatus" crap="2" count="0"/>
        <line num="224" type="stmt" count="0"/>
        <line num="230" type="method" name="setPublicationStatus" crap="2" count="0"/>
        <line num="232" type="stmt" count="0"/>
        <line num="233" type="stmt" count="0"/>
        <line num="238" type="method" name="getSlug" crap="1" count="3"/>
        <line num="240" type="stmt" count="3"/>
        <line num="246" type="method" name="setSlug" crap="2" count="0"/>
        <line num="248" type="stmt" count="0"/>
        <line num="249" type="stmt" count="0"/>
        <line num="254" type="method" name="isDisplayInHomepage" crap="2" count="0"/>
        <line num="256" type="stmt" count="0"/>
        <line num="262" type="method" name="setDisplayInHomepage" crap="2" count="0"/>
        <line num="264" type="stmt" count="0"/>
        <line num="265" type="stmt" count="0"/>
        <line num="270" type="method" name="getParent" crap="2" count="0"/>
        <line num="272" type="stmt" count="0"/>
        <line num="278" type="method" name="setParent" crap="2" count="0"/>
        <line num="280" type="stmt" count="0"/>
        <line num="281" type="stmt" count="0"/>
        <line num="286" type="method" name="getChildren" crap="2" count="0"/>
        <line num="288" type="stmt" count="0"/>
        <line num="294" type="method" name="setChildren" crap="2" count="0"/>
        <line num="296" type="stmt" count="0"/>
        <line num="297" type="stmt" count="0"/>
        <line num="302" type="method" name="getId" crap="2" count="0"/>
        <line num="304" type="stmt" count="0"/>
        <line num="310" type="method" name="setId" crap="2" count="0"/>
        <line num="312" type="stmt" count="0"/>
        <line num="313" type="stmt" count="0"/>
        <line num="321" type="method" name="forceCreatedAt" crap="2" count="0"/>
        <line num="323" type="stmt" count="0"/>
        <line num="324" type="stmt" count="0"/>
        <line num="329" type="method" name="getCreatedAt" crap="2" count="0"/>
        <line num="331" type="stmt" count="0"/>
        <line num="342" type="method" name="setUpdatedAt" crap="6" count="0"/>
        <line num="344" type="stmt" count="0"/>
        <line num="345" type="stmt" count="0"/>
        <line num="347" type="stmt" count="0"/>
        <line num="350" type="stmt" count="0"/>
        <line num="356" type="method" name="getUpdatedAt" crap="2" count="0"/>
        <line num="358" type="stmt" count="0"/>
        <line num="364" type="method" name="getThumbnail" crap="2" count="0"/>
        <line num="366" type="stmt" count="0"/>
        <line num="372" type="method" name="setThumbnail" crap="2" count="0"/>
        <line num="374" type="stmt" count="0"/>
        <line num="375" type="stmt" count="0"/>
        <line num="380" type="method" name="setCreatedAt" crap="2" count="0"/>
        <line num="382" type="stmt" count="0"/>
        <line num="383" type="stmt" count="0"/>
        <metrics loc="384" ncloc="186" classes="1" methods="28" coveredmethods="3" conditionals="0" coveredconditionals="0" statements="45" coveredstatements="3" elements="73" coveredelements="6"/>
      </file>
      <file name="/home/johnkrovitch/Projects/LeComptoirDeLEcureuil/src/BlueBear/CmsBundle/Entity/Comment.php">
        <class name="Comment" namespace="BlueBear\CmsBundle\Entity">
          <metrics methods="27" coveredmethods="12" conditionals="0" coveredconditionals="0" statements="44" coveredstatements="17" elements="71" coveredelements="29"/>
        </class>
        <line num="93" type="method" name="setCreatedAt" crap="6" count="0"/>
        <line num="95" type="stmt" count="0"/>
        <line num="96" type="stmt" count="0"/>
        <line num="98" type="stmt" count="0"/>
        <line num="106" type="method" name="forceCreatedAt" crap="2" count="0"/>
        <line num="108" type="stmt" count="0"/>
        <line num="109" type="stmt" count="0"/>
        <line num="114" type="method" name="getCreatedAt" crap="2" count="0"/>
        <line num="116" type="stmt" count="0"/>
        <line num="127" type="method" name="setUpdatedAt" crap="6" count="0"/>
        <line num="129" type="stmt" count="0"/>
        <line num="130" type="stmt" count="0"/>
        <line num="132" type="stmt" count="0"/>
        <line num="135" type="stmt" count="0"/>
        <line num="141" type="method" name="getUpdatedAt" crap="2" count="0"/>
        <line num="143" type="stmt" count="0"/>
        <line num="151" type="method" name="getId" crap="2" count="0"/>
        <line num="153" type="stmt" count="0"/>
        <line num="161" type="method" name="setId" crap="2" count="0"/>
        <line num="163" type="stmt" count="0"/>
        <line num="164" type="stmt" count="0"/>
        <line num="169" type="method" name="getArticle" crap="1" count="2"/>
        <line num="171" type="stmt" count="2"/>
        <line num="177" type="method" name="setArticle" crap="1" count="2"/>
        <line num="179" type="stmt" count="2"/>
        <line num="180" type="stmt" count="2"/>
        <line num="185" type="method" name="getAuthorName" crap="1" count="2"/>
        <line num="187" type="stmt" count="2"/>
        <line num="193" type="method" name="setAuthorName" crap="1" count="1"/>
        <line num="195" type="stmt" count="1"/>
        <line num="196" type="stmt" count="1"/>
        <line num="201" type="method" name="getAuthorEmail" crap="1" count="3"/>
        <line num="203" type="stmt" count="3"/>
        <line num="209" type="method" name="setAuthorEmail" crap="2" count="0"/>
        <line num="211" type="stmt" count="0"/>
        <line num="212" type="stmt" count="0"/>
        <line num="217" type="method" name="getAuthorIp" crap="2" count="0"/>
        <line num="219" type="stmt" count="0"/>
        <line num="225" type="method" name="setAuthorIp" crap="2" count="0"/>
        <line num="227" type="stmt" count="0"/>
        <line num="228" type="stmt" count="0"/>
        <line num="233" type="method" name="getContent" crap="1" count="1"/>
        <line num="235" type="stmt" count="1"/>
        <line num="241" type="method" name="setContent" crap="1" count="1"/>
        <line num="243" type="stmt" count="1"/>
        <line num="244" type="stmt" count="1"/>
        <line num="249" type="method" name="getIsApproved" crap="2" count="0"/>
        <line num="251" type="stmt" count="0"/>
        <line num="257" type="method" name="setIsApproved" crap="2" count="0"/>
        <line num="259" type="stmt" count="0"/>
        <line num="260" type="stmt" count="0"/>
        <line num="265" type="method" name="getMetadata" crap="2" count="0"/>
        <line num="267" type="stmt" count="0"/>
        <line num="273" type="method" name="setMetadata" crap="2" count="0"/>
        <line num="275" type="stmt" count="0"/>
        <line num="276" type="stmt" count="0"/>
        <line num="278" type="method" name="addMetadata" crap="2" count="0"/>
        <line num="280" type="stmt" count="0"/>
        <line num="281" type="stmt" count="0"/>
        <line num="286" type="method" name="getAuthorUrl" crap="1" count="1"/>
        <line num="288" type="stmt" count="1"/>
        <line num="294" type="method" name="setAuthorUrl" crap="1" count="1"/>
        <line num="296" type="stmt" count="1"/>
        <line num="297" type="stmt" count="1"/>
        <line num="302" type="method" name="shouldNotifyNewComments" crap="1" count="1"/>
        <line num="304" type="stmt" count="1"/>
        <line num="310" type="method" name="setNotifyNewComments" crap="1" count="1"/>
        <line num="312" type="stmt" count="1"/>
        <line num="313" type="stmt" count="1"/>
        <line num="318" type="method" name="isNotifyNewComments" crap="1" count="1"/>
        <line num="320" type="stmt" count="1"/>
        <metrics loc="322" ncloc="177" classes="1" methods="27" coveredmethods="12" conditionals="0" coveredconditionals="0" statements="44" coveredstatements="17" elements="71" coveredelements="29"/>
      </file>
      <file name="/home/johnkrovitch/Projects/LeComptoirDeLEcureuil/src/BlueBear/CmsBundle/Entity/Content.php">
        <class name="Content" namespace="BlueBear\CmsBundle\Entity">
          <metrics methods="12" coveredmethods="0" conditionals="0" coveredconditionals="0" statements="47" coveredstatements="0" elements="59" coveredelements="0"/>
        </class>
        <line num="46" type="method" name="getId" crap="2" count="0"/>
        <line num="47" type="stmt" count="0"/>
        <line num="48" type="stmt" count="0"/>
        <line num="49" type="stmt" count="0"/>
        <line num="56" type="method" name="setId" crap="2" count="0"/>
        <line num="57" type="stmt" count="0"/>
        <line num="58" type="stmt" count="0"/>
        <line num="59" type="stmt" count="0"/>
        <line num="64" type="method" name="getFields" crap="2" count="0"/>
        <line num="65" type="stmt" count="0"/>
        <line num="66" type="stmt" count="0"/>
        <line num="67" type="stmt" count="0"/>
        <line num="72" type="method" name="setFields" crap="2" count="0"/>
        <line num="73" type="stmt" count="0"/>
        <line num="74" type="stmt" count="0"/>
        <line num="75" type="stmt" count="0"/>
        <line num="77" type="method" name="addField" crap="2" count="0"/>
        <line num="78" type="stmt" count="0"/>
        <line num="79" type="stmt" count="0"/>
        <line num="80" type="stmt" count="0"/>
        <line num="85" type="method" name="getBehaviors" crap="2" count="0"/>
        <line num="86" type="stmt" count="0"/>
        <line num="87" type="stmt" count="0"/>
        <line num="88" type="stmt" count="0"/>
        <line num="93" type="method" name="setBehaviors" crap="2" count="0"/>
        <line num="94" type="stmt" count="0"/>
        <line num="95" type="stmt" count="0"/>
        <line num="96" type="stmt" count="0"/>
        <line num="98" type="method" name="__call" crap="6" count="0"/>
        <line num="99" type="stmt" count="0"/>
        <line num="100" type="stmt" count="0"/>
        <line num="101" type="stmt" count="0"/>
        <line num="103" type="stmt" count="0"/>
        <line num="104" type="stmt" count="0"/>
        <line num="105" type="stmt" count="0"/>
        <line num="107" type="stmt" count="0"/>
        <line num="108" type="stmt" count="0"/>
        <line num="110" type="method" name="__get" crap="6" count="0"/>
        <line num="111" type="stmt" count="0"/>
        <line num="112" type="stmt" count="0"/>
        <line num="113" type="stmt" count="0"/>
        <line num="114" type="stmt" count="0"/>
        <line num="116" type="stmt" count="0"/>
        <line num="117" type="stmt" count="0"/>
        <line num="119" type="method" name="__set" crap="6" count="0"/>
        <line num="120" type="stmt" count="0"/>
        <line num="121" type="stmt" count="0"/>
        <line num="122" type="stmt" count="0"/>
        <line num="123" type="stmt" count="0"/>
        <line num="124" type="stmt" count="0"/>
        <line num="125" type="stmt" count="0"/>
        <line num="132" type="method" name="getType" crap="2" count="0"/>
        <line num="133" type="stmt" count="0"/>
        <line num="134" type="stmt" count="0"/>
        <line num="135" type="stmt" count="0"/>
        <line num="142" type="method" name="setType" crap="2" count="0"/>
        <line num="143" type="stmt" count="0"/>
        <line num="144" type="stmt" count="0"/>
        <line num="145" type="stmt" count="0"/>
        <metrics loc="146" ncloc="92" classes="1" methods="12" coveredmethods="0" conditionals="0" coveredconditionals="0" statements="47" coveredstatements="0" elements="59" coveredelements="0"/>
      </file>
      <file name="/home/johnkrovitch/Projects/LeComptoirDeLEcureuil/src/BlueBear/CmsBundle/Entity/Import.php">
        <class name="Import" namespace="BlueBear\CmsBundle\Entity">
          <metrics methods="21" coveredmethods="0" conditionals="0" coveredconditionals="0" statements="38" coveredstatements="0" elements="59" coveredelements="0"/>
        </class>
        <line num="96" type="method" name="getId" crap="2" count="0"/>
        <line num="98" type="stmt" count="0"/>
        <line num="106" type="method" name="setId" crap="2" count="0"/>
        <line num="108" type="stmt" count="0"/>
        <line num="109" type="stmt" count="0"/>
        <line num="116" type="method" name="getLabel" crap="2" count="0"/>
        <line num="118" type="stmt" count="0"/>
        <line num="126" type="method" name="setLabel" crap="2" count="0"/>
        <line num="128" type="stmt" count="0"/>
        <line num="129" type="stmt" count="0"/>
        <line num="134" type="method" name="getType" crap="2" count="0"/>
        <line num="136" type="stmt" count="0"/>
        <line num="142" type="method" name="setType" crap="2" count="0"/>
        <line num="144" type="stmt" count="0"/>
        <line num="145" type="stmt" count="0"/>
        <line num="150" type="method" name="getFile" crap="2" count="0"/>
        <line num="152" type="stmt" count="0"/>
        <line num="158" type="method" name="setFile" crap="6" count="0"/>
        <line num="160" type="stmt" count="0"/>
        <line num="162" type="stmt" count="0"/>
        <line num="163" type="stmt" count="0"/>
        <line num="164" type="stmt" count="0"/>
        <line num="166" type="stmt" count="0"/>
        <line num="171" type="method" name="getfilePath" crap="2" count="0"/>
        <line num="173" type="stmt" count="0"/>
        <line num="179" type="method" name="setfilePath" crap="2" count="0"/>
        <line num="181" type="stmt" count="0"/>
        <line num="182" type="stmt" count="0"/>
        <line num="187" type="method" name="getFileName" crap="2" count="0"/>
        <line num="189" type="stmt" count="0"/>
        <line num="195" type="method" name="setFileName" crap="2" count="0"/>
        <line num="197" type="stmt" count="0"/>
        <line num="198" type="stmt" count="0"/>
        <line num="203" type="method" name="getStatus" crap="2" count="0"/>
        <line num="205" type="stmt" count="0"/>
        <line num="211" type="method" name="setStatus" crap="2" count="0"/>
        <line num="213" type="stmt" count="0"/>
        <line num="214" type="stmt" count="0"/>
        <line num="219" type="method" name="getComments" crap="2" count="0"/>
        <line num="221" type="stmt" count="0"/>
        <line num="227" type="method" name="setComments" crap="2" count="0"/>
        <line num="229" type="stmt" count="0"/>
        <line num="230" type="stmt" count="0"/>
        <line num="235" type="method" name="setCreatedAt" crap="6" count="0"/>
        <line num="237" type="stmt" count="0"/>
        <line num="238" type="stmt" count="0"/>
        <line num="240" type="stmt" count="0"/>
        <line num="248" type="method" name="forceCreatedAt" crap="2" count="0"/>
        <line num="250" type="stmt" count="0"/>
        <line num="251" type="stmt" count="0"/>
        <line num="256" type="method" name="getCreatedAt" crap="2" count="0"/>
        <line num="258" type="stmt" count="0"/>
        <line num="269" type="method" name="setUpdatedAt" crap="6" count="0"/>
        <line num="271" type="stmt" count="0"/>
        <line num="272" type="stmt" count="0"/>
        <line num="274" type="stmt" count="0"/>
        <line num="277" type="stmt" count="0"/>
        <line num="283" type="method" name="getUpdatedAt" crap="2" count="0"/>
        <line num="285" type="stmt" count="0"/>
        <metrics loc="287" ncloc="154" classes="1" methods="21" coveredmethods="0" conditionals="0" coveredconditionals="0" statements="38" coveredstatements="0" elements="59" coveredelements="0"/>
      </file>
      <file name="/home/johnkrovitch/Projects/LeComptoirDeLEcureuil/src/BlueBear/CmsBundle/Entity/Page.php">
        <class name="Page" namespace="BlueBear\CmsBundle\Entity">
          <metrics methods="17" coveredmethods="0" conditionals="0" coveredconditionals="0" statements="29" coveredstatements="0" elements="46" coveredelements="0"/>
        </class>
        <line num="81" type="method" name="getId" crap="2" count="0"/>
        <line num="83" type="stmt" count="0"/>
        <line num="91" type="method" name="setId" crap="2" count="0"/>
        <line num="93" type="stmt" count="0"/>
        <line num="94" type="stmt" count="0"/>
        <line num="99" type="method" name="getContent" crap="2" count="0"/>
        <line num="101" type="stmt" count="0"/>
        <line num="107" type="method" name="setContent" crap="2" count="0"/>
[...]
        <line num="174" type="stmt" count="0"/>
        <line num="175" type="stmt" count="0"/>
        <line num="176" type="stmt" count="0"/>
        <line num="177" type="stmt" count="0"/>
        <line num="178" type="stmt" count="0"/>
        <line num="180" type="stmt" count="0"/>
        <line num="181" type="stmt" count="0"/>
        <line num="182" type="stmt" count="0"/>
        <line num="183" type="stmt" count="0"/>
        <line num="184" type="stmt" count="0"/>
        <line num="185" type="stmt" count="0"/>
        <line num="187" type="stmt" count="0"/>
        <line num="188" type="stmt" count="0"/>
        <line num="189" type="stmt" count="0"/>
        <line num="190" type="stmt" count="0"/>
        <line num="191" type="stmt" count="0"/>
        <line num="192" type="stmt" count="0"/>
        <line num="193" type="stmt" count="0"/>
        <metrics loc="194" ncloc="121" classes="1" methods="6" coveredmethods="0" conditionals="0" coveredconditionals="0" statements="78" coveredstatements="0" elements="84" coveredelements="0"/>
      </file>
    </package>
    <package name="JK\DatabaseBundle\Command">
      <file name="/home/johnkrovitch/Projects/LeComptoirDeLEcureuil/src/JK/DatabaseBundle/Command/BackupCommand.php">
        <class name="BackupCommand" namespace="JK\DatabaseBundle\Command">
          <metrics methods="3" coveredmethods="0" conditionals="0" coveredconditionals="0" statements="83" coveredstatements="0" elements="86" coveredelements="0"/>
        </class>
        <line num="22" type="method" name="configure" crap="2" count="0"/>
        <line num="23" type="stmt" count="0"/>
        <line num="24" type="stmt" count="0"/>
        <line num="25" type="stmt" count="0"/>
        <line num="26" type="stmt" count="0"/>
        <line num="27" type="stmt" count="0"/>
        <line num="28" type="stmt" count="0"/>
        <line num="29" type="stmt" count="0"/>
        <line num="30" type="stmt" count="0"/>
        <line num="31" type="stmt" count="0"/>
        <line num="32" type="stmt" count="0"/>
        <line num="33" type="stmt" count="0"/>
        <line num="34" type="stmt" count="0"/>
        <line num="35" type="stmt" count="0"/>
        <line num="36" type="stmt" count="0"/>
        <line num="37" type="stmt" count="0"/>
        <line num="38" type="stmt" count="0"/>
        <line num="39" type="stmt" count="0"/>
        <line num="40" type="stmt" count="0"/>
        <line num="41" type="stmt" count="0"/>
        <line num="51" type="method" name="execute" crap="42" count="0"/>
        <line num="52" type="stmt" count="0"/>
        <line num="54" type="stmt" count="0"/>
        <line num="55" type="stmt" count="0"/>
        <line num="56" type="stmt" count="0"/>
        <line num="57" type="stmt" count="0"/>
        <line num="58" type="stmt" count="0"/>
        <line num="60" type="stmt" count="0"/>
        <line num="62" type="stmt" count="0"/>
        <line num="63" type="stmt" count="0"/>
        <line num="64" type="stmt" count="0"/>
        <line num="65" type="stmt" count="0"/>
        <line num="66" type="stmt" count="0"/>
        <line num="68" type="stmt" count="0"/>
        <line num="69" type="stmt" count="0"/>
        <line num="70" type="stmt" count="0"/>
        <line num="71" type="stmt" count="0"/>
        <line num="72" type="stmt" count="0"/>
        <line num="73" type="stmt" count="0"/>
        <line num="75" type="stmt" count="0"/>
        <line num="76" type="stmt" count="0"/>
        <line num="77" type="stmt" count="0"/>
        <line num="78" type="stmt" count="0"/>
        <line num="79" type="stmt" count="0"/>
        <line num="80" type="stmt" count="0"/>
        <line num="81" type="stmt" count="0"/>
        <line num="82" type="stmt" count="0"/>
        <line num="83" type="stmt" count="0"/>
        <line num="84" type="stmt" count="0"/>
        <line num="85" type="stmt" count="0"/>
        <line num="86" type="stmt" count="0"/>
        <line num="87" type="stmt" count="0"/>
        <line num="88" type="stmt" count="0"/>
        <line num="89" type="stmt" count="0"/>
        <line num="91" type="stmt" count="0"/>
        <line num="92" type="stmt" count="0"/>
        <line num="94" type="stmt" count="0"/>
        <line num="95" type="stmt" count="0"/>
        <line num="96" type="stmt" count="0"/>
        <line num="97" type="stmt" count="0"/>
        <line num="98" type="stmt" count="0"/>
        <line num="99" type="stmt" count="0"/>
        <line num="101" type="stmt" count="0"/>
        <line num="102" type="stmt" count="0"/>
        <line num="104" type="stmt" count="0"/>
        <line num="105" type="stmt" count="0"/>
        <line num="106" type="stmt" count="0"/>
        <line num="107" type="stmt" count="0"/>
        <line num="108" type="stmt" count="0"/>
        <line num="109" type="stmt" count="0"/>
        <line num="110" type="stmt" count="0"/>
        <line num="111" type="stmt" count="0"/>
        <line num="112" type="stmt" count="0"/>
        <line num="113" type="stmt" count="0"/>
        <line num="114" type="stmt" count="0"/>
        <line num="116" type="stmt" count="0"/>
        <line num="117" type="stmt" count="0"/>
        <line num="118" type="stmt" count="0"/>
        <line num="119" type="stmt" count="0"/>
        <line num="120" type="stmt" count="0"/>
        <line num="121" type="stmt" count="0"/>
        <line num="122" type="stmt" count="0"/>
        <line num="129" type="method" name="setContainer" crap="2" count="0"/>
        <line num="130" type="stmt" count="0"/>
        <line num="131" type="stmt" count="0"/>
        <line num="132" type="stmt" count="0"/>
        <metrics loc="133" ncloc="116" classes="1" methods="3" coveredmethods="0" conditionals="0" coveredconditionals="0" statements="83" coveredstatements="0" elements="86" coveredelements="0"/>
      </file>
    </package>
    <package name="JK\DatabaseBundle\Configuration">
      <file name="/home/johnkrovitch/Projects/LeComptoirDeLEcureuil/src/JK/DatabaseBundle/Configuration/DatabaseConfiguration.php">
        <class name="DatabaseConfiguration" namespace="JK\DatabaseBundle\Configuration">
          <metrics methods="1" coveredmethods="0" conditionals="0" coveredconditionals="0" statements="18" coveredstatements="0" elements="19" coveredelements="0"/>
        </class>
        <line num="13" type="method" name="configureOptions" crap="2" count="0"/>
        <line num="14" type="stmt" count="0"/>
        <line num="15" type="stmt" count="0"/>
        <line num="16" type="stmt" count="0"/>
        <line num="17" type="stmt" count="0"/>
        <line num="18" type="stmt" count="0"/>
        <line num="19" type="stmt" count="0"/>
        <line num="20" type="stmt" count="0"/>
        <line num="21" type="stmt" count="0"/>
        <line num="22" type="stmt" count="0"/>
        <line num="23" type="stmt" count="0"/>
        <line num="24" type="stmt" count="0"/>
        <line num="25" type="stmt" count="0"/>
        <line num="26" type="stmt" count="0"/>
        <line num="27" type="stmt" count="0"/>
        <line num="28" type="stmt" count="0"/>
        <line num="29" type="stmt" count="0"/>
        <line num="30" type="stmt" count="0"/>
        <line num="31" type="stmt" count="0"/>
        <metrics loc="32" ncloc="29" classes="1" methods="1" coveredmethods="0" conditionals="0" coveredconditionals="0" statements="18" coveredstatements="0" elements="19" coveredelements="0"/>
      </file>
    </package>
    <package name="JK\DatabaseBundle\DependencyInjection">
      <file name="/home/johnkrovitch/Projects/LeComptoirDeLEcureuil/src/JK/DatabaseBundle/DependencyInjection/Configuration.php">
        <class name="Configuration" namespace="JK\DatabaseBundle\DependencyInjection">
          <metrics methods="1" coveredmethods="0" conditionals="0" coveredconditionals="0" statements="10" coveredstatements="0" elements="11" coveredelements="0"/>
        </class>
        <line num="18" type="method" name="getConfigTreeBuilder" crap="2" count="0"/>
        <line num="19" type="stmt" count="0"/>
        <line num="20" type="stmt" count="0"/>
        <line num="21" type="stmt" count="0"/>
        <line num="23" type="stmt" count="0"/>
        <line num="24" type="stmt" count="0"/>
        <line num="25" type="stmt" count="0"/>
        <line num="26" type="stmt" count="0"/>
        <line num="27" type="stmt" count="0"/>
        <line num="32" type="stmt" count="0"/>
        <line num="33" type="stmt" count="0"/>
        <metrics loc="34" ncloc="20" classes="1" methods="1" coveredmethods="0" conditionals="0" coveredconditionals="0" statements="10" coveredstatements="0" elements="11" coveredelements="0"/>
      </file>
      <file name="/home/johnkrovitch/Projects/LeComptoirDeLEcureuil/src/JK/DatabaseBundle/DependencyInjection/JKDatabaseExtension.php">
        <class name="JKDatabaseExtension" namespace="JK\DatabaseBundle\DependencyInjection">
          <metrics methods="1" coveredmethods="0" conditionals="0" coveredconditionals="0" statements="9" coveredstatements="0" elements="10" coveredelements="0"/>
        </class>
        <line num="20" type="method" name="load" crap="6" count="0"/>
        <line num="21" type="stmt" count="0"/>
        <line num="22" type="stmt" count="0"/>
        <line num="23" type="stmt" count="0"/>
        <line num="25" type="stmt" count="0"/>
        <line num="26" type="stmt" count="0"/>
        <line num="28" type="stmt" count="0"/>
        <line num="29" type="stmt" count="0"/>
        <line num="30" type="stmt" count="0"/>
        <line num="31" type="stmt" count="0"/>
        <metrics loc="32" ncloc="24" classes="1" methods="1" coveredmethods="0" conditionals="0" coveredconditionals="0" statements="9" coveredstatements="0" elements="10" coveredelements="0"/>
      </file>
    </package>
    <package name="JK\DatabaseBundle">
      <file name="/home/johnkrovitch/Projects/LeComptoirDeLEcureuil/src/JK/DatabaseBundle/JKDatabaseBundle.php">
        <class name="JKDatabaseBundle" namespace="JK\DatabaseBundle">
          <metrics methods="0" coveredmethods="0" conditionals="0" coveredconditionals="0" statements="0" coveredstatements="0" elements="0" coveredelements="0"/>
        </class>
        <metrics loc="9" ncloc="9" classes="1" methods="0" coveredmethods="0" conditionals="0" coveredconditionals="0" statements="0" coveredstatements="0" elements="0" coveredelements="0"/>
      </file>
    </package>
    <package name="JK\StaticClientBundle\Client">
      <file name="/home/johnkrovitch/Projects/LeComptoirDeLEcureuil/src/JK/StaticClientBundle/Client/StaticClient.php">
        <class name="StaticClient" namespace="JK\StaticClientBundle\Client">
          <metrics methods="2" coveredmethods="1" conditionals="0" coveredconditionals="0" statements="16" coveredstatements="6" elements="18" coveredelements="7"/>
        </class>
        <line num="31" type="method" name="__construct" crap="1" count="1"/>
        <line num="34" type="stmt" count="1"/>
        <line num="35" type="stmt" count="1"/>
        <line num="37" type="stmt" count="1"/>
        <line num="38" type="stmt" count="1"/>
        <line num="40" type="method" name="post" crap="8.21" count="1"/>
        <line num="42" type="stmt" count="1"/>
        <line num="43" type="stmt" count="1"/>
        <line num="48" type="stmt" count="0"/>
        <line num="49" type="stmt" count="0"/>
        <line num="50" type="stmt" count="0"/>
        <line num="52" type="stmt" count="0"/>
        <line num="53" type="stmt" count="0"/>
        <line num="54" type="stmt" count="0"/>
        <line num="69" type="stmt" count="0"/>
        <line num="70" type="stmt" count="0"/>
        <line num="71" type="stmt" count="0"/>
        <line num="74" type="stmt" count="0"/>
        <metrics loc="76" ncloc="57" classes="1" methods="2" coveredmethods="1" conditionals="0" coveredconditionals="0" statements="16" coveredstatements="6" elements="18" coveredelements="7"/>
      </file>
    </package>
    <package name="JK\StaticClientBundle\Controller">
      <file name="/home/johnkrovitch/Projects/LeComptoirDeLEcureuil/src/JK/StaticClientBundle/Controller/DefaultController.php">
        <class name="DefaultController" namespace="JK\StaticClientBundle\Controller">
          <metrics methods="1" coveredmethods="0" conditionals="0" coveredconditionals="0" statements="3" coveredstatements="0" elements="4" coveredelements="0"/>
        </class>
        <line num="9" type="method" name="indexAction" crap="2" count="0"/>
        <line num="10" type="stmt" count="0"/>
        <line num="11" type="stmt" count="0"/>
        <line num="12" type="stmt" count="0"/>
        <metrics loc="13" ncloc="13" classes="1" methods="1" coveredmethods="0" conditionals="0" coveredconditionals="0" statements="3" coveredstatements="0" elements="4" coveredelements="0"/>
      </file>
    </package>
    <package name="JK\StaticClientBundle\DependencyInjection">
      <file name="/home/johnkrovitch/Projects/LeComptoirDeLEcureuil/src/JK/StaticClientBundle/DependencyInjection/Configuration.php">
        <class name="Configuration" namespace="JK\StaticClientBundle\DependencyInjection">
          <metrics methods="1" coveredmethods="0" conditionals="0" coveredconditionals="0" statements="5" coveredstatements="0" elements="6" coveredelements="0"/>
        </class>
        <line num="18" type="method" name="getConfigTreeBuilder" crap="2" count="0"/>
        <line num="19" type="stmt" count="0"/>
        <line num="20" type="stmt" count="0"/>
        <line num="21" type="stmt" count="0"/>
        <line num="27" type="stmt" count="0"/>
        <line num="28" type="stmt" count="0"/>
        <metrics loc="29" ncloc="15" classes="1" methods="1" coveredmethods="0" conditionals="0" coveredconditionals="0" statements="5" coveredstatements="0" elements="6" coveredelements="0"/>
      </file>
      <file name="/home/johnkrovitch/Projects/LeComptoirDeLEcureuil/src/JK/StaticClientBundle/DependencyInjection/JKStaticClientExtension.php">
        <class name="JKStaticClientExtension" namespace="JK\StaticClientBundle\DependencyInjection">
          <metrics methods="1" coveredmethods="0" conditionals="0" coveredconditionals="0" statements="6" coveredstatements="0" elements="7" coveredelements="0"/>
        </class>
        <line num="20" type="method" name="load" crap="2" count="0"/>
        <line num="21" type="stmt" count="0"/>
        <line num="22" type="stmt" count="0"/>
        <line num="23" type="stmt" count="0"/>
        <line num="25" type="stmt" count="0"/>
        <line num="26" type="stmt" count="0"/>
        <line num="27" type="stmt" count="0"/>
        <metrics loc="28" ncloc="20" classes="1" methods="1" coveredmethods="0" conditionals="0" coveredconditionals="0" statements="6" coveredstatements="0" elements="7" coveredelements="0"/>
      </file>
    </package>
    <package name="JK\StaticClientBundle">
      <file name="/home/johnkrovitch/Projects/LeComptoirDeLEcureuil/src/JK/StaticClientBundle/JKStaticClientBundle.php">
        <class name="JKStaticClientBundle" namespace="JK\StaticClientBundle">
          <metrics methods="0" coveredmethods="0" conditionals="0" coveredconditionals="0" statements="0" coveredstatements="0" elements="0" coveredelements="0"/>
        </class>
        <metrics loc="9" ncloc="9" classes="1" methods="0" coveredmethods="0" conditionals="0" coveredconditionals="0" statements="0" coveredstatements="0" elements="0" coveredelements="0"/>
      </file>
    </package>
    <package name="LeComptoirDeLEcureuil\BackBundle\Controller">
      <file name="/home/johnkrovitch/Projects/LeComptoirDeLEcureuil/src/LeComptoirDeLEcureuil/BackBundle/Controller/MainController.php">
        <class name="MainController" namespace="LeComptoirDeLEcureuil\BackBundle\Controller">
          <metrics methods="2" coveredmethods="0" conditionals="0" coveredconditionals="0" statements="12" coveredstatements="0" elements="14" coveredelements="0"/>
        </class>
        <line num="17" type="method" name="indexAction" crap="2" count="0"/>
        <line num="18" type="stmt" count="0"/>
        <line num="19" type="stmt" count="0"/>
        <line num="20" type="stmt" count="0"/>
        <line num="22" type="stmt" count="0"/>
        <line num="23" type="stmt" count="0"/>
        <line num="24" type="stmt" count="0"/>
        <line num="25" type="stmt" count="0"/>
        <line num="26" type="stmt" count="0"/>
        <line num="27" type="stmt" count="0"/>
        <line num="32" type="method" name="getContentTypeFactory" crap="2" count="0"/>
        <line num="33" type="stmt" count="0"/>
        <line num="34" type="stmt" count="0"/>
        <line num="35" type="stmt" count="0"/>
        <metrics loc="36" ncloc="30" classes="1" methods="2" coveredmethods="0" conditionals="0" coveredconditionals="0" statements="12" coveredstatements="0" elements="14" coveredelements="0"/>
      </file>
    </package>
    <package name="LeComptoirDeLEcureuil\BackBundle\DependencyInjection">
      <file name="/home/johnkrovitch/Projects/LeComptoirDeLEcureuil/src/LeComptoirDeLEcureuil/BackBundle/DependencyInjection/Configuration.php">
        <class name="Configuration" namespace="LeComptoirDeLEcureuil\BackBundle\DependencyInjection">
          <metrics methods="1" coveredmethods="0" conditionals="0" coveredconditionals="0" statements="5" coveredstatements="0" elements="6" coveredelements="0"/>
        </class>
        <line num="18" type="method" name="getConfigTreeBuilder" crap="2" count="0"/>
        <line num="19" type="stmt" count="0"/>
        <line num="20" type="stmt" count="0"/>
        <line num="21" type="stmt" count="0"/>
        <line num="27" type="stmt" count="0"/>
        <line num="28" type="stmt" count="0"/>
        <metrics loc="29" ncloc="15" classes="1" methods="1" coveredmethods="0" conditionals="0" coveredconditionals="0" statements="5" coveredstatements="0" elements="6" coveredelements="0"/>
      </file>
      <file name="/home/johnkrovitch/Projects/LeComptoirDeLEcureuil/src/LeComptoirDeLEcureuil/BackBundle/DependencyInjection/LeComptoirDeLEcureuilBackExtension.php">
        <class name="LeComptoirDeLEcureuilBackExtension" namespace="LeComptoirDeLEcureuil\BackBundle\DependencyInjection">
          <metrics methods="1" coveredmethods="0" conditionals="0" coveredconditionals="0" statements="6" coveredstatements="0" elements="7" coveredelements="0"/>
        </class>
        <line num="20" type="method" name="load" crap="2" count="0"/>
        <line num="21" type="stmt" count="0"/>
        <line num="22" type="stmt" count="0"/>
        <line num="23" type="stmt" count="0"/>
        <line num="25" type="stmt" count="0"/>
        <line num="26" type="stmt" count="0"/>
        <line num="27" type="stmt" count="0"/>
        <metrics loc="28" ncloc="20" classes="1" methods="1" coveredmethods="0" conditionals="0" coveredconditionals="0" statements="6" coveredstatements="0" elements="7" coveredelements="0"/>
      </file>
    </package>
    <package name="LeComptoirDeLEcureuil\BackBundle">
      <file name="/home/johnkrovitch/Projects/LeComptoirDeLEcureuil/src/LeComptoirDeLEcureuil/BackBundle/LeComptoirDeLEcureuilBackBundle.php">
        <class name="LeComptoirDeLEcureuilBackBundle" namespace="LeComptoirDeLEcureuil\BackBundle">
          <metrics methods="0" coveredmethods="0" conditionals="0" coveredconditionals="0" statements="0" coveredstatements="0" elements="0" coveredelements="0"/>
        </class>
        <metrics loc="9" ncloc="9" classes="1" methods="0" coveredmethods="0" conditionals="0" coveredconditionals="0" statements="0" coveredstatements="0" elements="0" coveredelements="0"/>
      </file>
    </package>
    <metrics files="155" loc="12294" ncloc="8320" classes="149" methods="590" coveredmethods="101" conditionals="0" coveredconditionals="0" statements="3653" coveredstatements="470" elements="4243" coveredelements="571"/>
  </project>
</coverage>
